# JRE version: Java(TM) SE Runtime Environment (25.0.2+10) (build 25.0.2+10-LTS-69)
# Java VM: Java HotSpot(TM) 64-Bit Server VM (25.0.2+10-LTS-69, mixed mode, sharing, tiered, compressed oops, compressed class ptrs, serial gc, windows-amd64)
GC Precious Log:
 CardTable entry size: 512
 CPUs: 12 total, 12 available
 Memory: 11626M
 Large Page Support: Disabled
 NUMA Support: Disabled
 Compressed Oops: Enabled (32-bit)
 Heap Min Capacity: 8M
 Heap Initial Capacity: 182M
 Heap Max Capacity: 384M
 Pre-touch: Disabled
Heap:
 DefNew     total 56000K, used 23979K [0x00000000e8000000, 0x00000000ebcc0000, 0x00000000f0000000)
  eden space 49792K,  35% used [0x00000000e8000000, 0x00000000e915ae40, 0x00000000eb0a0000)
  from space 6208K, 100% used [0x00000000eb6b0000, 0x00000000ebcc0000, 0x00000000ebcc0000)
  to   space 6208K,   0% used [0x00000000eb0a0000, 0x00000000eb0a0000, 0x00000000eb6b0000)
 Tenured    total 124288K, used 29360K [0x00000000f0000000, 0x00000000f7960000, 0x0000000100000000)
  the  space 124288K,  23% used [0x00000000f0000000, 0x00000000f1cac120, 0x00000000f7960000)
GC Heap Usage History (16 events):
Event: 1.448 {heap Before GC invocations=0 (full 0):
 DefNew     total 55872K, used 49664K [0x00000000e8000000, 0x00000000ebca0000, 0x00000000f0000000)
  eden space 49664K, 100% used [0x00000000e8000000, 0x00000000eb080000, 0x00000000eb080000)
  from space 6208K,   0% used [0x00000000eb080000, 0x00000000eb080000, 0x00000000eb690000)
  to   space 6208K,   0% used [0x00000000eb690000, 0x00000000eb690000, 0x00000000ebca0000)
 Tenured    total 124288K, used 1173K [0x00000000f0000000, 0x00000000f7960000, 0x0000000100000000)Event: 1.459 {heap After GC invocations=1 (full 0):
 DefNew     total 55872K, used 3778K [0x00000000e8000000, 0x00000000ebca0000, 0x00000000f0000000)
  eden space 49664K,   0% used [0x00000000e8000000, 0x00000000e8000000, 0x00000000eb080000)
  from space 6208K,  60% used [0x00000000eb690000, 0x00000000eba40ab0, 0x00000000ebca0000)
  to   space 6208K,   0% used [0x00000000eb080000, 0x00000000eb080000, 0x00000000eb690000)
 Tenured    total 124288K, used 1173K [0x00000000f0000000, 0x00000000f7960000, 0x0000000100000000)
 Event: 2.657 {heap Before GC invocations=1 (full 0):
 DefNew     total 55872K, used 53442K [0x00000000e8000000, 0x00000000ebca0000, 0x00000000f0000000)
  eden space 49664K, 100% used [0x00000000e8000000, 0x00000000eb080000, 0x00000000eb080000)
  from space 6208K,  60% used [0x00000000eb690000, 0x00000000eba40ab0, 0x00000000ebca0000)
  to   space 6208K,   0% used [0x00000000eb080000, 0x00000000eb080000, 0x00000000eb690000)
 Tenured    total 124288K, used 1173K [0x00000000f0000000, 0x00000000f7960000, 0x0000000100000000)Event: 2.679 {heap After GC invocations=2 (full 0):
 DefNew     total 55872K, used 5129K [0x00000000e8000000, 0x00000000ebca0000, 0x00000000f0000000)
  eden space 49664K,   0% used [0x00000000e8000000, 0x00000000e8000000, 0x00000000eb080000)
  from space 6208K,  82% used [0x00000000eb080000, 0x00000000eb5827e0, 0x00000000eb690000)
  to   space 6208K,   0% used [0x00000000eb690000, 0x00000000eb690000, 0x00000000ebca0000)
 Tenured    total 124288K, used 4777K [0x00000000f0000000, 0x00000000f7960000, 0x0000000100000000)
 Event: 3.458 {heap Before GC invocations=2 (full 0):
 DefNew     total 55872K, used 54793K [0x00000000e8000000, 0x00000000ebca0000, 0x00000000f0000000)
  eden space 49664K, 100% used [0x00000000e8000000, 0x00000000eb080000, 0x00000000eb080000)
  from space 6208K,  82% used [0x00000000eb080000, 0x00000000eb5827e0, 0x00000000eb690000)
  to   space 6208K,   0% used [0x00000000eb690000, 0x00000000eb690000, 0x00000000ebca0000)
 Tenured    total 124288K, used 4777K [0x00000000f0000000, 0x00000000f7960000, 0x0000000100000000)Event: 3.483 {heap After GC invocations=3 (full 0):
 DefNew     total 55872K, used 4600K [0x00000000e8000000, 0x00000000ebca0000, 0x00000000f0000000)
  eden space 49664K,   0% used [0x00000000e8000000, 0x00000000e8000000, 0x00000000eb080000)
  from space 6208K,  74% used [0x00000000eb690000, 0x00000000ebb0e150, 0x00000000ebca0000)
  to   space 6208K,   0% used [0x00000000eb080000, 0x00000000eb080000, 0x00000000eb690000)
 Tenured    total 124288K, used 9701K [0x00000000f0000000, 0x00000000f7960000, 0x0000000100000000)
 Event: 4.161 {heap Before GC invocations=3 (full 0):
 DefNew     total 55872K, used 46546K [0x00000000e8000000, 0x00000000ebca0000, 0x00000000f0000000)
  eden space 49664K,  84% used [0x00000000e8000000, 0x00000000ea8f68f8, 0x00000000eb080000)
  from space 6208K,  74% used [0x00000000eb690000, 0x00000000ebb0e150, 0x00000000ebca0000)
  to   space 6208K,   0% used [0x00000000eb080000, 0x00000000eb080000, 0x00000000eb690000)
 Tenured    total 124288K, used 9701K [0x00000000f0000000, 0x00000000f7960000, 0x0000000100000000)Event: 4.174 {heap After GC invocations=4 (full 0):
 DefNew     total 55872K, used 1526K [0x00000000e8000000, 0x00000000ebca0000, 0x00000000f0000000)
  eden space 49664K,   0% used [0x00000000e8000000, 0x00000000e8000000, 0x00000000eb080000)
  from space 6208K,  24% used [0x00000000eb080000, 0x00000000eb1fda18, 0x00000000eb690000)
  to   space 6208K,   0% used [0x00000000eb690000, 0x00000000eb690000, 0x00000000ebca0000)
 Tenured    total 124288K, used 20882K [0x00000000f0000000, 0x00000000f7960000, 0x0000000100000000)
Event: 4.186 {heap Before GC invocations=4 (full 0):
 DefNew     total 55872K, used 44874K [0x00000000e8000000, 0x00000000ebca0000, 0x00000000f0000000)
  eden space 49664K,  87% used [0x00000000e8000000, 0x00000000eaa55090, 0x00000000eb080000)
  from space 6208K,  24% used [0x00000000eb080000, 0x00000000eb1fda18, 0x00000000eb690000)
  to   space 6208K,   0% used [0x00000000eb690000, 0x00000000eb690000, 0x00000000ebca0000)
 Tenured    total 124288K, used 20882K [0x00000000f0000000, 0x00000000f7960000, 0x0000000100000000Event: 4.198 {heap After GC invocations=5 (full 0):
 DefNew     total 55872K, used 1528K [0x00000000e8000000, 0x00000000ebca0000, 0x00000000f0000000)
  eden space 49664K,   0% used [0x00000000e8000000, 0x00000000e8000000, 0x00000000eb080000)
  from space 6208K,  24% used [0x00000000eb690000, 0x00000000eb80e028, 0x00000000ebca0000)
  to   space 6208K,   0% used [0x00000000eb080000, 0x00000000eb080000, 0x00000000eb690000)
 Tenured    total 124288K, used 40082K [0x00000000f0000000, 0x00000000f7960000, 0x0000000100000000)
Event: 5.078 {heap Before GC invocations=5 (full 0):
 DefNew     total 55872K, used 51192K [0x00000000e8000000, 0x00000000ebca0000, 0x00000000f0000000)
  eden space 49664K, 100% used [0x00000000e8000000, 0x00000000eb080000, 0x00000000eb080000)
  from space 6208K,  24% used [0x00000000eb690000, 0x00000000eb80e028, 0x00000000ebca0000)
  to   space 6208K,   0% used [0x00000000eb080000, 0x00000000eb080000, 0x00000000eb690000)
 Tenured    total 124288K, used 40082K [0x00000000f0000000, 0x00000000f7960000, 0x0000000100000000Event: 5.092 {heap After GC invocations=6 (full 0):
 DefNew     total 55872K, used 6208K [0x00000000e8000000, 0x00000000ebca0000, 0x00000000f0000000)
  eden space 49664K,   0% used [0x00000000e8000000, 0x00000000e8000000, 0x00000000eb080000)
  from space 6208K, 100% used [0x00000000eb080000, 0x00000000eb690000, 0x00000000eb690000)
  to   space 6208K,   0% used [0x00000000eb690000, 0x00000000eb690000, 0x00000000ebca0000)
 Tenured    total 124288K, used 44291K [0x00000000f0000000, 0x00000000f7960000, 0x0000000100000000)
Event: 5.178 {heap Before GC invocations=6 (full 0):
 DefNew     total 55872K, used 9391K [0x00000000e8000000, 0x00000000ebca0000, 0x00000000f0000000)
  eden space 49664K,   6% used [0x00000000e8000000, 0x00000000e831bf40, 0x00000000eb080000)
  from space 6208K, 100% used [0x00000000eb080000, 0x00000000eb690000, 0x00000000eb690000)
  to   space 6208K,   0% used [0x00000000eb690000, 0x00000000eb690000, 0x00000000ebca0000)
 Tenured    total 124288K, used 44291K [0x00000000f0000000, 0x00000000f7960000, 0x0000000100000000)Event: 5.230 {heap After GC invocations=7 (full 1):
 DefNew     total 56000K, used 0K [0x00000000e8000000, 0x00000000ebcc0000, 0x00000000f0000000)
  eden space 49792K,   0% used [0x00000000e8000000, 0x00000000e8000000, 0x00000000eb0a0000)
  from space 6208K,   0% used [0x00000000eb0a0000, 0x00000000eb0a0000, 0x00000000eb6b0000)
  to   space 6208K,   0% used [0x00000000eb6b0000, 0x00000000eb6b0000, 0x00000000ebcc0000)
 Tenured    total 124288K, used 22184K [0x00000000f0000000, 0x00000000f7960000, 0x0000000100000000)
  tEvent: 6.231 {heap Before GC invocations=7 (full 1):
 DefNew     total 56000K, used 49792K [0x00000000e8000000, 0x00000000ebcc0000, 0x00000000f0000000)
  eden space 49792K, 100% used [0x00000000e8000000, 0x00000000eb0a0000, 0x00000000eb0a0000)
  from space 6208K,   0% used [0x00000000eb0a0000, 0x00000000eb0a0000, 0x00000000eb6b0000)
  to   space 6208K,   0% used [0x00000000eb6b0000, 0x00000000eb6b0000, 0x00000000ebcc0000)
 Tenured    total 124288K, used 22184K [0x00000000f0000000, 0x00000000f7960000, 0x0000000100000000Event: 6.266 {heap After GC invocations=8 (full 1):
 DefNew     total 56000K, used 6208K [0x00000000e8000000, 0x00000000ebcc0000, 0x00000000f0000000)
  eden space 49792K,   0% used [0x00000000e8000000, 0x00000000e8000000, 0x00000000eb0a0000)
  from space 6208K, 100% used [0x00000000eb6b0000, 0x00000000ebcc0000, 0x00000000ebcc0000)
  to   space 6208K,   0% used [0x00000000eb0a0000, 0x00000000eb0a0000, 0x00000000eb6b0000)
 Tenured    total 124288K, used 29360K [0x00000000f0000000, 0x00000000f7960000, 0x0000000100000000)

