# JRE version: Java(TM) SE Runtime Environment (25.0.2+10) (build 25.0.2+10-LTS-69)
# Java VM: Java HotSpot(TM) 64-Bit Server VM (25.0.2+10-LTS-69, mixed mode, sharing, tiered, compressed oops, compressed class ptrs, g1 gc, windows-amd64)
GC Precious Log:
 CardTable entry size: 512
 Card Set container configuration: InlinePtr #cards 5 size 8 Array Of Cards #cards 10 size 36 Howl #buckets 4 coarsen threshold 1843 Howl Bitmap #cards 512 size 80 coarsen threshold 460 Card regions per heap region 1 cards per card region 2048
 CPUs: 12 total, 12 available
 Memory: 11626M
 Large Page Support: Disabled
 NUMA Support: Disabled
 Compressed Oops: Enabled (32-bit)
 Heap Region Size: 1M
 Heap Min Capacity: 8M
 Heap Initial Capacity: 182M
 Heap Max Capacity: 512M
 Pre-touch: Disabled
 Parallel Workers: 10
 Concurrent Workers: 3
 Concurrent Refinement Workers: 10
 Periodic GC: Disabled
Heap:
 garbage-first heap   total reserved 524288K, committed 112640K, used 75129K [0x00000000e0000000, 0x0000000100000000)
  region size 1024K, 15 young (15360K), 6 survivors (6144K)
GC Heap Usage History (20 events):
Event: 14.485 {heap Before GC invocations=20 (full 0):
 garbage-first heap   total reserved 524288K, committed 107520K, used 84816K [0x00000000e0000000, 0x0000000100000000)
  region size 1024K, 35 young (35840K), 2 survivors (2048K)
}
Event: 14.490 {heap After GC invocations=21 (full 0):
 garbage-first heap   total reserved 524288K, committed 107520K, used 53808K [0x00000000e0000000, 0x0000000100000000)
  region size 1024K, 4 young (4096K), 4 survivors (4096K)
}
Event: 15.344 {heap Before GC invocations=22 (full 0):
 garbage-first heap   total reserved 524288K, committed 107520K, used 82480K [0x00000000e0000000, 0x0000000100000000)
  region size 1024K, 38 young (38912K), 4 survivors (4096K)
}
Event: 15.349 {heap After GC invocations=23 (full 0):
 garbage-first heap   total reserved 524288K, committed 107520K, used 51946K [0x00000000e0000000, 0x0000000100000000)
  region size 1024K, 5 young (5120K), 5 survivors (5120K)
}
Event: 16.115 {heap Before GC invocations=23 (full 0):
 garbage-first heap   total reserved 524288K, committed 107520K, used 88810K [0x00000000e0000000, 0x0000000100000000)
  region size 1024K, 41 young (41984K), 5 survivors (5120K)
}
Event: 16.125 {heap After GC invocations=24 (full 0):
 garbage-first heap   total reserved 524288K, committed 107520K, used 49739K [0x00000000e0000000, 0x0000000100000000)
  region size 1024K, 5 young (5120K), 5 survivors (5120K)
}
Event: 17.322 {heap Before GC invocations=24 (full 0):
 garbage-first heap   total reserved 524288K, committed 107520K, used 88651K [0x00000000e0000000, 0x0000000100000000)
  region size 1024K, 43 young (44032K), 5 survivors (5120K)
}
Event: 17.332 {heap After GC invocations=25 (full 0):
 garbage-first heap   total reserved 524288K, committed 107520K, used 52023K [0x00000000e0000000, 0x0000000100000000)
  region size 1024K, 3 young (3072K), 3 survivors (3072K)
}
Event: 18.283 {heap Before GC invocations=26 (full 0):
 garbage-first heap   total reserved 524288K, committed 107520K, used 87863K [0x00000000e0000000, 0x0000000100000000)
  region size 1024K, 41 young (41984K), 3 survivors (3072K)
}
Event: 18.291 {heap After GC invocations=27 (full 0):
 garbage-first heap   total reserved 524288K, committed 107520K, used 52168K [0x00000000e0000000, 0x0000000100000000)
  region size 1024K, 6 young (6144K), 6 survivors (6144K)
}
Event: 19.268 {heap Before GC invocations=27 (full 0):
 garbage-first heap   total reserved 524288K, committed 107520K, used 92104K [0x00000000e0000000, 0x0000000100000000)
  region size 1024K, 45 young (46080K), 6 survivors (6144K)
}
Event: 19.289 {heap After GC invocations=28 (full 0):
 garbage-first heap   total reserved 524288K, committed 107520K, used 52869K [0x00000000e0000000, 0x0000000100000000)
  region size 1024K, 6 young (6144K), 6 survivors (6144K)
}
Event: 20.629 {heap Before GC invocations=28 (full 0):
 garbage-first heap   total reserved 524288K, committed 107520K, used 93829K [0x00000000e0000000, 0x0000000100000000)
  region size 1024K, 46 young (47104K), 6 survivors (6144K)
}
Event: 20.646 {heap After GC invocations=29 (full 0):
 garbage-first heap   total reserved 524288K, committed 107520K, used 56137K [0x00000000e0000000, 0x0000000100000000)
  region size 1024K, 6 young (6144K), 6 survivors (6144K)
}
Event: 25.020 {heap Before GC invocations=30 (full 0):
 garbage-first heap   total reserved 524288K, committed 107520K, used 95049K [0x00000000e0000000, 0x0000000100000000)
  region size 1024K, 44 young (45056K), 6 survivors (6144K)
}
Event: 25.031 {heap After GC invocations=31 (full 0):
 garbage-first heap   total reserved 524288K, committed 107520K, used 58447K [0x00000000e0000000, 0x0000000100000000)
  region size 1024K, 6 young (6144K), 6 survivors (6144K)
}
Event: 26.159 {heap Before GC invocations=31 (full 0):
 garbage-first heap   total reserved 524288K, committed 107520K, used 96335K [0x00000000e0000000, 0x0000000100000000)
  region size 1024K, 43 young (44032K), 6 survivors (6144K)
}
Event: 26.173 {heap After GC invocations=32 (full 0):
 garbage-first heap   total reserved 524288K, committed 108544K, used 60909K [0x00000000e0000000, 0x0000000100000000)
  region size 1024K, 6 young (6144K), 6 survivors (6144K)
}
Event: 26.828 {heap Before GC invocations=32 (full 0):
 garbage-first heap   total reserved 524288K, committed 108544K, used 97773K [0x00000000e0000000, 0x0000000100000000)
  region size 1024K, 42 young (43008K), 6 survivors (6144K)
}
Event: 26.850 {heap After GC invocations=33 (full 0):
 garbage-first heap   total reserved 524288K, committed 110592K, used 66937K [0x00000000e0000000, 0x0000000100000000)
  region size 1024K, 6 young (6144K), 6 survivors (6144K)
}

